2026-04-21T17:16:49.139+05:30  INFO 27308 --- [notes] [main] com.minibytes.notes.NotesApplication     : Starting NotesApplication using Java 17.0.18 with PID 27308 (/home/naveen-kerla/IdeaProjects/notes/backend/target/classes started by naveen-kerla in /home/naveen-kerla/IdeaProjects/notes)
2026-04-21T17:16:49.142+05:30  INFO 27308 --- [notes] [main] com.minibytes.notes.NotesApplication     : No active profile set, falling back to 1 default profile: "default"
2026-04-21T17:16:49.938+05:30  INFO 27308 --- [notes] [main] .s.d.r.c.RepositoryConfigurationDelegate : Bootstrapping Spring Data JPA repositories in DEFAULT mode.
2026-04-21T17:16:49.980+05:30  INFO 27308 --- [notes] [main] .s.d.r.c.RepositoryConfigurationDelegate : Finished Spring Data repository scanning in 36 ms. Found 2 JPA repository interfaces.
2026-04-21T17:16:50.404+05:30  INFO 27308 --- [notes] [main] o.s.boot.tomcat.TomcatWebServer          : Tomcat initialized with port 8080 (http)
2026-04-21T17:16:50.414+05:30  INFO 27308 --- [notes] [main] o.apache.catalina.core.StandardService   : Starting service [Tomcat]
2026-04-21T17:16:50.414+05:30  INFO 27308 --- [notes] [main] o.apache.catalina.core.StandardEngine    : Starting Servlet engine: [Apache Tomcat/11.0.20]
2026-04-21T17:16:50.447+05:30  INFO 27308 --- [notes] [main] b.w.c.s.WebApplicationContextInitializer : Root WebApplicationContext: initialization completed in 1260 ms
2026-04-21T17:16:50.562+05:30  INFO 27308 --- [notes] [main] org.hibernate.orm.jpa                    : HHH008540: Processing PersistenceUnitInfo [name: default]
2026-04-21T17:16:50.605+05:30  INFO 27308 --- [notes] [main] org.hibernate.orm.core                   : HHH000001: Hibernate ORM core version 7.2.7.Final
2026-04-21T17:16:50.905+05:30  INFO 27308 --- [notes] [main] o.s.o.j.p.SpringPersistenceUnitInfo      : No LoadTimeWeaver setup: ignoring JPA class transformer
2026-04-21T17:16:50.930+05:30  INFO 27308 --- [notes] [main] com.zaxxer.hikari.HikariDataSource       : HikariPool-1 - Starting...
2026-04-21T17:16:51.281+05:30  INFO 27308 --- [notes] [main] com.zaxxer.hikari.pool.HikariPool        : HikariPool-1 - Added connection com.mysql.cj.jdbc.ConnectionImpl@4f9213d2
2026-04-21T17:16:51.282+05:30  INFO 27308 --- [notes] [main] com.zaxxer.hikari.HikariDataSource       : HikariPool-1 - Start completed.
2026-04-21T17:16:51.340+05:30  WARN 27308 --- [notes] [main] org.hibernate.orm.deprecation            : HHH90000025: MySQLDialect does not need to be specified explicitly using 'hibernate.dialect' (remove the property setting and it will be selected by default)
2026-04-21T17:16:51.354+05:30  INFO 27308 --- [notes] [main] org.hibernate.orm.connections.pooling    : HHH10001005: Database info:
	Database JDBC URL [jdbc:mysql://localhost:3306/notes_db]
	Database driver: MySQL Connector/J
	Database dialect: MySQLDialect
	Database version: 8.0.45
	Default catalog/schema: notes_db/undefined
	Autocommit mode: undefined/unknown
	Isolation level: REPEATABLE_READ [default REPEATABLE_READ]
	JDBC fetch size: none
	Pool: DataSourceConnectionProvider
	Minimum pool size: undefined/unknown
	Maximum pool size: undefined/unknown
2026-04-21T17:16:52.117+05:30  INFO 27308 --- [notes] [main] org.hibernate.orm.core                   : HHH000489: No JTA platform available (set 'hibernate.transaction.jta.platform' to enable JTA platform integration)
2026-04-21T17:16:52.576+05:30  INFO 27308 --- [notes] [main] j.LocalContainerEntityManagerFactoryBean : Initialized JPA EntityManagerFactory for persistence unit 'default'
2026-04-21T17:16:52.640+05:30  INFO 27308 --- [notes] [main] o.s.d.j.r.query.QueryEnhancerFactories   : Hibernate is in classpath; If applicable, HQL parser will be used.
2026-04-21T17:16:53.028+05:30  WARN 27308 --- [notes] [main] JpaBaseConfiguration$JpaWebConfiguration : spring.jpa.open-in-view is enabled by default. Therefore, database queries may be performed during view rendering. Explicitly configure spring.jpa.open-in-view to disable this warning
2026-04-21T17:16:53.544+05:30  INFO 27308 --- [notes] [main] o.s.boot.tomcat.TomcatWebServer          : Tomcat started on port 8080 (http) with context path '/'
2026-04-21T17:16:53.549+05:30  INFO 27308 --- [notes] [main] com.minibytes.notes.NotesApplication     : Started NotesApplication in 4.898 seconds (process running for 5.442)
2026-04-21T17:18:47.421+05:30  INFO 27308 --- [notes] [SpringApplicationShutdownHook] o.s.boot.tomcat.GracefulShutdown         : Commencing graceful shutdown. Waiting for active requests to complete
2026-04-21T17:18:47.930+05:30  INFO 27308 --- [notes] [tomcat-shutdown] o.s.boot.tomcat.GracefulShutdown         : Graceful shutdown complete
2026-04-21T17:18:47.934+05:30  INFO 27308 --- [notes] [SpringApplicationShutdownHook] j.LocalContainerEntityManagerFactoryBean : Closing JPA EntityManagerFactory for persistence unit 'default'
2026-04-21T17:18:47.937+05:30  INFO 27308 --- [notes] [SpringApplicationShutdownHook] com.zaxxer.hikari.HikariDataSource       : HikariPool-1 - Shutdown initiated...
2026-04-21T17:18:47.944+05:30  INFO 27308 --- [notes] [SpringApplicationShutdownHook] com.zaxxer.hikari.HikariDataSource       : HikariPool-1 - Shutdown completed.
